# JRE version: Java(TM) SE Runtime Environment (8.0_241-b07) (build 1.8.0_241-b07)
# Java VM: Java HotSpot(TM) 64-Bit Server VM (25.241-b07 mixed mode windows-amd64 compressed oops)
Heap:
 PSYoungGen      total 348672K, used 278599K [0x00000000eab00000, 0x0000000100000000, 0x0000000100000000)
  eden space 348160K, 80% used [0x00000000eab00000,0x00000000fbb01de8,0x00000000fff00000)
  from space 512K, 12% used [0x00000000fff80000,0x00000000fff90000,0x0000000100000000)
  to   space 512K, 0% used [0x00000000fff00000,0x00000000fff00000,0x00000000fff80000)
 ParOldGen       total 699392K, used 50108K [0x00000000c0000000, 0x00000000eab00000, 0x00000000eab00000)
  object space 699392K, 7% used [0x00000000c0000000,0x00000000c30ef318,0x00000000eab00000)
 Metaspace       used 72050K, capacity 81105K, committed 81240K, reserved 1120256K
  class space    used 9976K, capacity 10530K, committed 10584K, reserved 1048576K
GC Heap History (10 events):
Event: 528501.358 GC heap before
{Heap before GC invocations=3295 (full 5):
 PSYoungGen      total 348672K, used 348224K [0x00000000eab00000, 0x0000000100000000, 0x0000000100000000)
  eden space 348160K, 100% used [0x00000000eab00000,0x00000000fff00000,0x00000000fff00000)
  from space 512K, 12% used [0x00000000fff00000,0x00000000fff10000,0x00000000fff80000)
  to   space 512K, 0% used [0x00000000fff80000,0x00000000fff80000,0x0000000100000000)
 ParOldGen       total 699392K, used 50108K [0x00000000c0000000, 0x00000000eab00000, 0x00000000eab00000)
  object space 699392K, 7% used [0x00000000c0000000,0x00000000c30ef318,0x00000000eab00000)
 Metaspace       used 72050K, capacity 81105K, committed 81240K, reserved 1120256K
  class space    used 9976K, capacity 10530K, committed 10584K, reserved 1048576K
Event: 528501.359 GC heap after
Heap after GC invocations=3295 (full 5):
 PSYoungGen      total 348672K, used 96K [0x00000000eab00000, 0x0000000100000000, 0x0000000100000000)
  eden space 348160K, 0% used [0x00000000eab00000,0x00000000eab00000,0x00000000fff00000)
  from space 512K, 18% used [0x00000000fff80000,0x00000000fff98000,0x0000000100000000)
  to   space 512K, 0% used [0x00000000fff00000,0x00000000fff00000,0x00000000fff80000)
 ParOldGen       total 699392K, used 50108K [0x00000000c0000000, 0x00000000eab00000, 0x00000000eab00000)
  object space 699392K, 7% used [0x00000000c0000000,0x00000000c30ef318,0x00000000eab00000)
 Metaspace       used 72050K, capacity 81105K, committed 81240K, reserved 1120256K
  class space    used 9976K, capacity 10530K, committed 10584K, reserved 1048576K
}
Event: 528504.698 GC heap before
{Heap before GC invocations=3296 (full 5):
 PSYoungGen      total 348672K, used 348256K [0x00000000eab00000, 0x0000000100000000, 0x0000000100000000)
  eden space 348160K, 100% used [0x00000000eab00000,0x00000000fff00000,0x00000000fff00000)
  from space 512K, 18% used [0x00000000fff80000,0x00000000fff98000,0x0000000100000000)
  to   space 512K, 0% used [0x00000000fff00000,0x00000000fff00000,0x00000000fff80000)
 ParOldGen       total 699392K, used 50108K [0x00000000c0000000, 0x00000000eab00000, 0x00000000eab00000)
  object space 699392K, 7% used [0x00000000c0000000,0x00000000c30ef318,0x00000000eab00000)
 Metaspace       used 72050K, capacity 81105K, committed 81240K, reserved 1120256K
  class space    used 9976K, capacity 10530K, committed 10584K, reserved 1048576K
Event: 528504.700 GC heap after
Heap after GC invocations=3296 (full 5):
 PSYoungGen      total 348672K, used 96K [0x00000000eab00000, 0x0000000100000000, 0x0000000100000000)
  eden space 348160K, 0% used [0x00000000eab00000,0x00000000eab00000,0x00000000fff00000)
  from space 512K, 18% used [0x00000000fff00000,0x00000000fff18000,0x00000000fff80000)
  to   space 512K, 0% used [0x00000000fff80000,0x00000000fff80000,0x0000000100000000)
 ParOldGen       total 699392K, used 50108K [0x00000000c0000000, 0x00000000eab00000, 0x00000000eab00000)
  object space 699392K, 7% used [0x00000000c0000000,0x00000000c30ef318,0x00000000eab00000)
 Metaspace       used 72050K, capacity 81105K, committed 81240K, reserved 1120256K
  class space    used 9976K, capacity 10530K, committed 10584K, reserved 1048576K
}
Event: 528507.921 GC heap before
{Heap before GC invocations=3297 (full 5):
 PSYoungGen      total 348672K, used 348256K [0x00000000eab00000, 0x0000000100000000, 0x0000000100000000)
  eden space 348160K, 100% used [0x00000000eab00000,0x00000000fff00000,0x00000000fff00000)
  from space 512K, 18% used [0x00000000fff00000,0x00000000fff18000,0x00000000fff80000)
  to   space 512K, 0% used [0x00000000fff80000,0x00000000fff80000,0x0000000100000000)
 ParOldGen       total 699392K, used 50108K [0x00000000c0000000, 0x00000000eab00000, 0x00000000eab00000)
  object space 699392K, 7% used [0x00000000c0000000,0x00000000c30ef318,0x00000000eab00000)
 Metaspace       used 72050K, capacity 81105K, committed 81240K, reserved 1120256K
  class space    used 9976K, capacity 10530K, committed 10584K, reserved 1048576K
Event: 528507.922 GC heap after
Heap after GC invocations=3297 (full 5):
 PSYoungGen      total 348672K, used 64K [0x00000000eab00000, 0x0000000100000000, 0x0000000100000000)
  eden space 348160K, 0% used [0x00000000eab00000,0x00000000eab00000,0x00000000fff00000)
  from space 512K, 12% used [0x00000000fff80000,0x00000000fff90000,0x0000000100000000)
  to   space 512K, 0% used [0x00000000fff00000,0x00000000fff00000,0x00000000fff80000)
 ParOldGen       total 699392K, used 50108K [0x00000000c0000000, 0x00000000eab00000, 0x00000000eab00000)
  object space 699392K, 7% used [0x00000000c0000000,0x00000000c30ef318,0x00000000eab00000)
 Metaspace       used 72050K, capacity 81105K, committed 81240K, reserved 1120256K
  class space    used 9976K, capacity 10530K, committed 10584K, reserved 1048576K
}
Event: 528511.030 GC heap before
{Heap before GC invocations=3298 (full 5):
 PSYoungGen      total 348672K, used 348224K [0x00000000eab00000, 0x0000000100000000, 0x0000000100000000)
  eden space 348160K, 100% used [0x00000000eab00000,0x00000000fff00000,0x00000000fff00000)
  from space 512K, 12% used [0x00000000fff80000,0x00000000fff90000,0x0000000100000000)
  to   space 512K, 0% used [0x00000000fff00000,0x00000000fff00000,0x00000000fff80000)
 ParOldGen       total 699392K, used 50108K [0x00000000c0000000, 0x00000000eab00000, 0x00000000eab00000)
  object space 699392K, 7% used [0x00000000c0000000,0x00000000c30ef318,0x00000000eab00000)
 Metaspace       used 72050K, capacity 81105K, committed 81240K, reserved 1120256K
  class space    used 9976K, capacity 10530K, committed 10584K, reserved 1048576K
Event: 528511.031 GC heap after
Heap after GC invocations=3298 (full 5):
 PSYoungGen      total 348672K, used 96K [0x00000000eab00000, 0x0000000100000000, 0x0000000100000000)
  eden space 348160K, 0% used [0x00000000eab00000,0x00000000eab00000,0x00000000fff00000)
  from space 512K, 18% used [0x00000000fff00000,0x00000000fff18000,0x00000000fff80000)
  to   space 512K, 0% used [0x00000000fff80000,0x00000000fff80000,0x0000000100000000)
 ParOldGen       total 699392K, used 50108K [0x00000000c0000000, 0x00000000eab00000, 0x00000000eab00000)
  object space 699392K, 7% used [0x00000000c0000000,0x00000000c30ef318,0x00000000eab00000)
 Metaspace       used 72050K, capacity 81105K, committed 81240K, reserved 1120256K
  class space    used 9976K, capacity 10530K, committed 10584K, reserved 1048576K
}
Event: 528516.069 GC heap before
{Heap before GC invocations=3299 (full 5):
 PSYoungGen      total 348672K, used 348256K [0x00000000eab00000, 0x0000000100000000, 0x0000000100000000)
  eden space 348160K, 100% used [0x00000000eab00000,0x00000000fff00000,0x00000000fff00000)
  from space 512K, 18% used [0x00000000fff00000,0x00000000fff18000,0x00000000fff80000)
  to   space 512K, 0% used [0x00000000fff80000,0x00000000fff80000,0x0000000100000000)
 ParOldGen       total 699392K, used 50108K [0x00000000c0000000, 0x00000000eab00000, 0x00000000eab00000)
  object space 699392K, 7% used [0x00000000c0000000,0x00000000c30ef318,0x00000000eab00000)
 Metaspace       used 72050K, capacity 81105K, committed 81240K, reserved 1120256K
  class space    used 9976K, capacity 10530K, committed 10584K, reserved 1048576K
Event: 528516.071 GC heap after
Heap after GC invocations=3299 (full 5):
 PSYoungGen      total 348672K, used 64K [0x00000000eab00000, 0x0000000100000000, 0x0000000100000000)
  eden space 348160K, 0% used [0x00000000eab00000,0x00000000eab00000,0x00000000fff00000)
  from space 512K, 12% used [0x00000000fff80000,0x00000000fff90000,0x0000000100000000)
  to   space 512K, 0% used [0x00000000fff00000,0x00000000fff00000,0x00000000fff80000)
 ParOldGen       total 699392K, used 50108K [0x00000000c0000000, 0x00000000eab00000, 0x00000000eab00000)
  object space 699392K, 7% used [0x00000000c0000000,0x00000000c30ef318,0x00000000eab00000)
 Metaspace       used 72050K, capacity 81105K, committed 81240K, reserved 1120256K
  class space    used 9976K, capacity 10530K, committed 10584K, reserved 1048576K
}

